Looking for a CUDA compiler failed with the following output:
-- The CUDA compiler identification is unknown
CMake Error at CMakeLists.txt:2 (project):
  No CMAKE_CUDA_COMPILER could be found.

  Tell CMake where to find the compiler by setting either the environment
  variable "CUDACXX" or the CMake cache entry CMAKE_CUDA_COMPILER to the full
  path to the compiler, or to the compiler name if it is in the PATH.


-- Configuring incomplete, errors occurred!
See also "/media/cobot/00006784000048232/yolov4/darknet/cmake-build-debug/CMakeFiles/CheckCUDA/CMakeFiles/CMakeOutput.log".
See also "/media/cobot/00006784000048232/yolov4/darknet/cmake-build-debug/CMakeFiles/CheckCUDA/CMakeFiles/CMakeError.log".

Determining if the pthread_create exist failed with the following output:
Change Dir: /media/cobot/00006784000048232/yolov4/darknet/cmake-build-debug/CMakeFiles/CMakeTmp

Run Build Command:"/usr/bin/make" "cmTC_1250f/fast"
/usr/bin/make -f CMakeFiles/cmTC_1250f.dir/build.make CMakeFiles/cmTC_1250f.dir/build
make[1]: Entering directory '/media/cobot/00006784000048232/yolov4/darknet/cmake-build-debug/CMakeFiles/CMakeTmp'
Building C object CMakeFiles/cmTC_1250f.dir/CheckSymbolExists.c.o
/usr/bin/gcc    -o CMakeFiles/cmTC_1250f.dir/CheckSymbolExists.c.o   -c /media/cobot/00006784000048232/yolov4/darknet/cmake-build-debug/CMakeFiles/CMakeTmp/CheckSymbolExists.c
Linking C executable cmTC_1250f
/home/cobot/clion-2018.3.2/bin/cmake/linux/bin/cmake -E cmake_link_script CMakeFiles/cmTC_1250f.dir/link.txt --verbose=1
/usr/bin/gcc      CMakeFiles/cmTC_1250f.dir/CheckSymbolExists.c.o  -o cmTC_1250f 
CMakeFiles/cmTC_1250f.dir/CheckSymbolExists.c.o: In function `main':
CheckSymbolExists.c:(.text+0x16): undefined reference to `pthread_create'
collect2: error: ld returned 1 exit status
CMakeFiles/cmTC_1250f.dir/build.make:86: recipe for target 'cmTC_1250f' failed
make[1]: *** [cmTC_1250f] Error 1
make[1]: Leaving directory '/media/cobot/00006784000048232/yolov4/darknet/cmake-build-debug/CMakeFiles/CMakeTmp'
Makefile:121: recipe for target 'cmTC_1250f/fast' failed
make: *** [cmTC_1250f/fast] Error 2

File /media/cobot/00006784000048232/yolov4/darknet/cmake-build-debug/CMakeFiles/CMakeTmp/CheckSymbolExists.c:
/* */
#include <pthread.h>

int main(int argc, char** argv)
{
  (void)argv;
#ifndef pthread_create
  return ((int*)(&pthread_create))[argc];
#else
  (void)argc;
  return 0;
#endif
}

Determining if the function pthread_create exists in the pthreads failed with the following output:
Change Dir: /media/cobot/00006784000048232/yolov4/darknet/cmake-build-debug/CMakeFiles/CMakeTmp

Run Build Command:"/usr/bin/make" "cmTC_77139/fast"
/usr/bin/make -f CMakeFiles/cmTC_77139.dir/build.make CMakeFiles/cmTC_77139.dir/build
make[1]: Entering directory '/media/cobot/00006784000048232/yolov4/darknet/cmake-build-debug/CMakeFiles/CMakeTmp'
Building C object CMakeFiles/cmTC_77139.dir/CheckFunctionExists.c.o
/usr/bin/gcc   -DCHECK_FUNCTION_EXISTS=pthread_create   -o CMakeFiles/cmTC_77139.dir/CheckFunctionExists.c.o   -c /home/cobot/clion-2018.3.2/bin/cmake/linux/share/cmake-3.13/Modules/CheckFunctionExists.c
Linking C executable cmTC_77139
/home/cobot/clion-2018.3.2/bin/cmake/linux/bin/cmake -E cmake_link_script CMakeFiles/cmTC_77139.dir/link.txt --verbose=1
/usr/bin/gcc  -DCHECK_FUNCTION_EXISTS=pthread_create    CMakeFiles/cmTC_77139.dir/CheckFunctionExists.c.o  -o cmTC_77139 -lpthreads 
/usr/bin/ld: cannot find -lpthreads
collect2: error: ld returned 1 exit status
CMakeFiles/cmTC_77139.dir/build.make:86: recipe for target 'cmTC_77139' failed
make[1]: *** [cmTC_77139] Error 1
make[1]: Leaving directory '/media/cobot/00006784000048232/yolov4/darknet/cmake-build-debug/CMakeFiles/CMakeTmp'
Makefile:121: recipe for target 'cmTC_77139/fast' failed
make: *** [cmTC_77139/fast] Error 2


